<?xml version="1.0" encoding="UTF-8"?>
<!-- Generated by org.testng.reporters.JUnitReportReporter -->
<testsuite skipped="0" hostname="ASDP1534PO01976" name="com.qainfotech.in.TATOC_ADVANCE_COURSE.Test_Case_for_TATOC_Advance_Course" tests="6" failures="0" timestamp="04 Jul 2018 08:29:49 GMT" time="7.249" errors="0">
  <testcase name="Open_Browser" time="1.943" classname="com.qainfotech.in.TATOC_ADVANCE_COURSE.Test_Case_for_TATOC_Advance_Course"/>
  <testcase name="Query_gate" time="1.520" classname="com.qainfotech.in.TATOC_ADVANCE_COURSE.Test_Case_for_TATOC_Advance_Course"/>
  <testcase name="Select_Advance_Course" time="0.110" classname="com.qainfotech.in.TATOC_ADVANCE_COURSE.Test_Case_for_TATOC_Advance_Course"/>
  <testcase name="test005_fileHandling" time="2.272" classname="com.qainfotech.in.TATOC_ADVANCE_COURSE.Test_Case_for_TATOC_Advance_Course"/>
  <testcase name="rest_Service" time="0.259" classname="com.qainfotech.in.TATOC_ADVANCE_COURSE.Test_Case_for_TATOC_Advance_Course"/>
  <testcase name="Select_Menu2_and_Click_GO_To_nextPage" time="1.145" classname="com.qainfotech.in.TATOC_ADVANCE_COURSE.Test_Case_for_TATOC_Advance_Course"/>
</testsuite> <!-- com.qainfotech.in.TATOC_ADVANCE_COURSE.Test_Case_for_TATOC_Advance_Course -->
